<?xml version="1.0" encoding="UTF-8"?>
<testng-results ignored="0" total="3" passed="3" failed="0" skipped="0">
  <reporter-output>
    <line>
      <![CDATA[cust login]]>
    </line>
    <line>
      <![CDATA[user login]]>
    </line>
    <line>
      <![CDATA[user update]]>
    </line>
  </reporter-output>
  <suite started-at="2023-06-23T11:49:35 BST" name="Suite" finished-at="2023-06-23T11:49:35 BST" duration-ms="81">
    <groups>
      <group name="reg">
        <method signature="GroupExecution.custLogin()[pri:0, instance:TestNG.GroupExecution@27462a88]" name="custLogin" class="TestNG.GroupExecution"/>
        <method signature="GroupExecution.userLogin()[pri:0, instance:TestNG.GroupExecution@27462a88]" name="userLogin" class="TestNG.GroupExecution"/>
      </group> <!-- reg -->
      <group name="ft">
        <method signature="GroupExecution.userUpdate()[pri:0, instance:TestNG.GroupExecution@27462a88]" name="userUpdate" class="TestNG.GroupExecution"/>
      </group> <!-- ft -->
    </groups>
    <test started-at="2023-06-23T11:49:35 BST" name="Test" finished-at="2023-06-23T11:49:35 BST" duration-ms="81">
      <class name="TestNG.GroupExecution">
        <test-method signature="custLogin()[pri:0, instance:TestNG.GroupExecution@27462a88]" started-at="2023-06-23T11:49:35 BST" name="custLogin" finished-at="2023-06-23T11:49:35 BST" duration-ms="11" status="PASS">
          <reporter-output>
            <line>
              <![CDATA[cust login]]>
            </line>
          </reporter-output>
        </test-method> <!-- custLogin -->
        <test-method signature="userLogin()[pri:0, instance:TestNG.GroupExecution@27462a88]" started-at="2023-06-23T11:49:35 BST" name="userLogin" finished-at="2023-06-23T11:49:35 BST" duration-ms="1" status="PASS">
          <reporter-output>
            <line>
              <![CDATA[user login]]>
            </line>
          </reporter-output>
        </test-method> <!-- userLogin -->
        <test-method signature="userUpdate()[pri:0, instance:TestNG.GroupExecution@27462a88]" started-at="2023-06-23T11:49:35 BST" name="userUpdate" finished-at="2023-06-23T11:49:35 BST" duration-ms="1" status="PASS">
          <reporter-output>
            <line>
              <![CDATA[user update]]>
            </line>
          </reporter-output>
        </test-method> <!-- userUpdate -->
      </class> <!-- TestNG.GroupExecution -->
    </test> <!-- Test -->
  </suite> <!-- Suite -->
</testng-results>
