<?xml version="1.0" encoding="UTF-8"?>
<!-- Generated by org.testng.reporters.JUnitXMLReporter -->
<testsuite ignored="2" hostname="DESKTOP-1GAP9LQ" failures="0" tests="3" name="Test" time="0.081" errors="0" timestamp="2023-06-23T11:49:35 BST">
  <testcase classname="TestNG.GroupExecution" name="custLogin" time="0.011"/>
  <testcase classname="TestNG.GroupExecution" name="userLogin" time="0.001"/>
  <testcase classname="TestNG.GroupExecution" name="userUpdate" time="0.001"/>
  <testcase classname="TestNG.GroupExecution" name="userReg" time="0.0">
    <ignored/>
  </testcase> <!-- userReg -->
  <testcase classname="TestNG.GroupExecution" name="custreg" time="0.0">
    <ignored/>
  </testcase> <!-- custreg -->
</testsuite> <!-- Test -->
